# JRE version: Java(TM) SE Runtime Environment (8.0_202-b08) (build 1.8.0_202-b08)
# Java VM: Java HotSpot(TM) 64-Bit Server VM (25.202-b08 mixed mode windows-amd64 compressed oops)
Heap:
 PSYoungGen      total 325120K, used 35600K [0x0000000785980000, 0x00000007a2380000, 0x00000007c0000000)
  eden space 312320K, 7% used [0x0000000785980000,0x0000000786fcbdf0,0x0000000798a80000)
  from space 12800K, 99% used [0x0000000798a80000,0x00000007996f82e0,0x0000000799700000)
  to   space 16896K, 0% used [0x00000007a1300000,0x00000007a1300000,0x00000007a2380000)
 ParOldGen       total 79360K, used 23831K [0x0000000710c00000, 0x0000000715980000, 0x0000000785980000)
  object space 79360K, 30% used [0x0000000710c00000,0x0000000712345dd8,0x0000000715980000)
 Metaspace       used 48976K, capacity 51480K, committed 51708K, reserved 1093632K
  class space    used 6606K, capacity 7063K, committed 7168K, reserved 1048576K
GC Heap History (10 events):
Event: 6.794 GC heap before
{Heap before GC invocations=7 (full 1):
 PSYoungGen      total 98304K, used 98285K [0x0000000785980000, 0x0000000791700000, 0x00000007c0000000)
  eden space 91136K, 100% used [0x0000000785980000,0x000000078b280000,0x000000078b280000)
  from space 7168K, 99% used [0x000000078b280000,0x000000078b97b408,0x000000078b980000)
  to   space 10240K, 0% used [0x0000000790d00000,0x0000000790d00000,0x0000000791700000)
 ParOldGen       total 57344K, used 6280K [0x0000000710c00000, 0x0000000714400000, 0x0000000785980000)
  object space 57344K, 10% used [0x0000000710c00000,0x0000000711222228,0x0000000714400000)
 Metaspace       used 27530K, capacity 28538K, committed 28796K, reserved 1075200K
  class space    used 3685K, capacity 3913K, committed 3968K, reserved 1048576K
Event: 6.803 GC heap after
Heap after GC invocations=7 (full 1):
 PSYoungGen      total 180224K, used 8941K [0x0000000785980000, 0x0000000791600000, 0x00000007c0000000)
  eden space 171008K, 0% used [0x0000000785980000,0x0000000785980000,0x0000000790080000)
  from space 9216K, 97% used [0x0000000790d00000,0x00000007915bb658,0x0000000791600000)
  to   space 10752K, 0% used [0x0000000790100000,0x0000000790100000,0x0000000790b80000)
 ParOldGen       total 57344K, used 6288K [0x0000000710c00000, 0x0000000714400000, 0x0000000785980000)
  object space 57344K, 10% used [0x0000000710c00000,0x0000000711224228,0x0000000714400000)
 Metaspace       used 27530K, capacity 28538K, committed 28796K, reserved 1075200K
  class space    used 3685K, capacity 3913K, committed 3968K, reserved 1048576K
}
Event: 9.417 GC heap before
{Heap before GC invocations=8 (full 1):
 PSYoungGen      total 180224K, used 102511K [0x0000000785980000, 0x0000000791600000, 0x00000007c0000000)
  eden space 171008K, 54% used [0x0000000785980000,0x000000078b4e0970,0x0000000790080000)
  from space 9216K, 97% used [0x0000000790d00000,0x00000007915bb658,0x0000000791600000)
  to   space 10752K, 0% used [0x0000000790100000,0x0000000790100000,0x0000000790b80000)
 ParOldGen       total 57344K, used 6288K [0x0000000710c00000, 0x0000000714400000, 0x0000000785980000)
  object space 57344K, 10% used [0x0000000710c00000,0x0000000711224228,0x0000000714400000)
 Metaspace       used 34613K, capacity 35900K, committed 36048K, reserved 1081344K
  class space    used 4583K, capacity 4880K, committed 4992K, reserved 1048576K
Event: 9.432 GC heap after
Heap after GC invocations=8 (full 1):
 PSYoungGen      total 182272K, used 10749K [0x0000000785980000, 0x000000079a680000, 0x00000007c0000000)
  eden space 171520K, 0% used [0x0000000785980000,0x0000000785980000,0x0000000790100000)
  from space 10752K, 99% used [0x0000000790100000,0x0000000790b7f6e0,0x0000000790b80000)
  to   space 12800K, 0% used [0x0000000799a00000,0x0000000799a00000,0x000000079a680000)
 ParOldGen       total 57344K, used 8106K [0x0000000710c00000, 0x0000000714400000, 0x0000000785980000)
  object space 57344K, 14% used [0x0000000710c00000,0x00000007113eab98,0x0000000714400000)
 Metaspace       used 34613K, capacity 35900K, committed 36048K, reserved 1081344K
  class space    used 4583K, capacity 4880K, committed 4992K, reserved 1048576K
}
Event: 9.432 GC heap before
{Heap before GC invocations=9 (full 2):
 PSYoungGen      total 182272K, used 10749K [0x0000000785980000, 0x000000079a680000, 0x00000007c0000000)
  eden space 171520K, 0% used [0x0000000785980000,0x0000000785980000,0x0000000790100000)
  from space 10752K, 99% used [0x0000000790100000,0x0000000790b7f6e0,0x0000000790b80000)
  to   space 12800K, 0% used [0x0000000799a00000,0x0000000799a00000,0x000000079a680000)
 ParOldGen       total 57344K, used 8106K [0x0000000710c00000, 0x0000000714400000, 0x0000000785980000)
  object space 57344K, 14% used [0x0000000710c00000,0x00000007113eab98,0x0000000714400000)
 Metaspace       used 34613K, capacity 35900K, committed 36048K, reserved 1081344K
  class space    used 4583K, capacity 4880K, committed 4992K, reserved 1048576K
Event: 9.498 GC heap after
Heap after GC invocations=9 (full 2):
 PSYoungGen      total 182272K, used 0K [0x0000000785980000, 0x000000079a680000, 0x00000007c0000000)
  eden space 171520K, 0% used [0x0000000785980000,0x0000000785980000,0x0000000790100000)
  from space 10752K, 0% used [0x0000000790100000,0x0000000790100000,0x0000000790b80000)
  to   space 12800K, 0% used [0x0000000799a00000,0x0000000799a00000,0x000000079a680000)
 ParOldGen       total 79360K, used 17616K [0x0000000710c00000, 0x0000000715980000, 0x0000000785980000)
  object space 79360K, 22% used [0x0000000710c00000,0x0000000711d34238,0x0000000715980000)
 Metaspace       used 34613K, capacity 35900K, committed 36048K, reserved 1081344K
  class space    used 4583K, capacity 4880K, committed 4992K, reserved 1048576K
}
Event: 11.927 GC heap before
{Heap before GC invocations=10 (full 2):
 PSYoungGen      total 182272K, used 171520K [0x0000000785980000, 0x000000079a680000, 0x00000007c0000000)
  eden space 171520K, 100% used [0x0000000785980000,0x0000000790100000,0x0000000790100000)
  from space 10752K, 0% used [0x0000000790100000,0x0000000790100000,0x0000000790b80000)
  to   space 12800K, 0% used [0x0000000799a00000,0x0000000799a00000,0x000000079a680000)
 ParOldGen       total 79360K, used 17616K [0x0000000710c00000, 0x0000000715980000, 0x0000000785980000)
  object space 79360K, 22% used [0x0000000710c00000,0x0000000711d34238,0x0000000715980000)
 Metaspace       used 41951K, capacity 43926K, committed 44156K, reserved 1087488K
  class space    used 5580K, capacity 5951K, committed 6016K, reserved 1048576K
Event: 11.945 GC heap after
Heap after GC invocations=10 (full 2):
 PSYoungGen      total 312832K, used 9718K [0x0000000785980000, 0x000000079a380000, 0x00000007c0000000)
  eden space 303104K, 0% used [0x0000000785980000,0x0000000785980000,0x0000000798180000)
  from space 9728K, 99% used [0x0000000799a00000,0x000000079a37d868,0x000000079a380000)
  to   space 12800K, 0% used [0x0000000798a80000,0x0000000798a80000,0x0000000799700000)
 ParOldGen       total 79360K, used 17624K [0x0000000710c00000, 0x0000000715980000, 0x0000000785980000)
  object space 79360K, 22% used [0x0000000710c00000,0x0000000711d36238,0x0000000715980000)
 Metaspace       used 41951K, capacity 43926K, committed 44156K, reserved 1087488K
  class space    used 5580K, capacity 5951K, committed 6016K, reserved 1048576K
}
Event: 16.192 GC heap before
{Heap before GC invocations=11 (full 2):
 PSYoungGen      total 312832K, used 312822K [0x0000000785980000, 0x000000079a380000, 0x00000007c0000000)
  eden space 303104K, 100% used [0x0000000785980000,0x0000000798180000,0x0000000798180000)
  from space 9728K, 99% used [0x0000000799a00000,0x000000079a37d868,0x000000079a380000)
  to   space 12800K, 0% used [0x0000000798a80000,0x0000000798a80000,0x0000000799700000)
 ParOldGen       total 79360K, used 17624K [0x0000000710c00000, 0x0000000715980000, 0x0000000785980000)
  object space 79360K, 22% used [0x0000000710c00000,0x0000000711d36238,0x0000000715980000)
 Metaspace       used 48547K, capacity 51020K, committed 51324K, reserved 1093632K
  class space    used 6537K, capacity 6983K, committed 7040K, reserved 1048576K
Event: 16.221 GC heap after
Heap after GC invocations=11 (full 2):
 PSYoungGen      total 325120K, used 12768K [0x0000000785980000, 0x00000007a2380000, 0x00000007c0000000)
  eden space 312320K, 0% used [0x0000000785980000,0x0000000785980000,0x0000000798a80000)
  from space 12800K, 99% used [0x0000000798a80000,0x00000007996f82e0,0x0000000799700000)
  to   space 16896K, 0% used [0x00000007a1300000,0x00000007a1300000,0x00000007a2380000)
 ParOldGen       total 79360K, used 23831K [0x0000000710c00000, 0x0000000715980000, 0x0000000785980000)
  object space 79360K, 30% used [0x0000000710c00000,0x0000000712345dd8,0x0000000715980000)
 Metaspace       used 48547K, capacity 51020K, committed 51324K, reserved 1093632K
  class space    used 6537K, capacity 6983K, committed 7040K, reserved 1048576K
}

